c:\users\garet\documents\dmu\yr 1\c++\student pack\frogger coursework\frogger coursework\debug\vc141.pdb
c:\users\garet\documents\dmu\yr 1\c++\student pack\frogger coursework\frogger coursework\debug\vc141.idb
c:\users\garet\documents\dmu\yr 1\c++\student pack\frogger coursework\frogger coursework\debug\main.obj
c:\users\garet\documents\dmu\yr 1\c++\student pack\frogger coursework\frogger coursework\debug\game.obj
c:\users\garet\documents\dmu\yr 1\c++\student pack\frogger coursework\frogger coursework\debug\frog.obj
c:\users\garet\documents\dmu\yr 1\c++\student pack\frogger coursework\frogger coursework\debug\van.obj
c:\users\garet\documents\dmu\yr 1\c++\student pack\frogger coursework\frogger coursework\debug\car.obj
c:\users\garet\documents\dmu\yr 1\c++\student pack\frogger coursework\frogger coursework\debug\truck.obj
c:\users\garet\documents\dmu\yr 1\c++\student pack\frogger coursework\frogger coursework\debug\zone.obj
c:\users\garet\documents\dmu\yr 1\c++\student pack\frogger coursework\frogger coursework\debug\road.obj
c:\users\garet\documents\dmu\yr 1\c++\student pack\frogger coursework\frogger coursework\debug\obstacles.obj
c:\users\garet\documents\dmu\yr 1\c++\student pack\frogger coursework\frogger coursework\debug\end.obj
c:\users\garet\documents\dmu\yr 1\c++\student pack\frogger coursework\frogger coursework\debug\truck2.obj
c:\users\garet\documents\dmu\yr 1\c++\student pack\frogger coursework\frogger coursework\debug\truck3.obj
c:\users\garet\documents\dmu\yr 1\c++\student pack\frogger coursework\debug\frogger coursework.exe
c:\users\garet\documents\dmu\yr 1\c++\student pack\frogger coursework\debug\frogger coursework.ilk
c:\users\garet\documents\dmu\yr 1\c++\student pack\frogger coursework\debug\frogger coursework.pdb
c:\users\garet\documents\dmu\yr 1\c++\student pack\frogger coursework\frogger coursework\debug\truck3.obj.enc
c:\users\garet\documents\dmu\yr 1\c++\student pack\frogger coursework\frogger coursework\debug\frogger .afb5d396.tlog\cl.command.1.tlog
c:\users\garet\documents\dmu\yr 1\c++\student pack\frogger coursework\frogger coursework\debug\frogger .afb5d396.tlog\cl.read.1.tlog
c:\users\garet\documents\dmu\yr 1\c++\student pack\frogger coursework\frogger coursework\debug\frogger .afb5d396.tlog\cl.write.1.tlog
c:\users\garet\documents\dmu\yr 1\c++\student pack\frogger coursework\frogger coursework\debug\frogger .afb5d396.tlog\link.command.1.tlog
c:\users\garet\documents\dmu\yr 1\c++\student pack\frogger coursework\frogger coursework\debug\frogger .afb5d396.tlog\link.read.1.tlog
c:\users\garet\documents\dmu\yr 1\c++\student pack\frogger coursework\frogger coursework\debug\frogger .afb5d396.tlog\link.write.1.tlog
